2026-06-26 20:29:38,174 - __main__ - INFO - Starting scrape for: Nordrhein-Westfalen
2026-06-26 20:29:38,174 - scraper.kleinanzeigen - INFO - Starting scrape for Nordrhein-Westfalen...
2026-06-26 20:29:38,175 - scraper.kleinanzeigen - INFO - Scraping page 1: https://www.kleinanzeigen.de/s-immobilien/nordrhein-westfalen/k0
2026-06-26 20:29:42,115 - scraper.kleinanzeigen - ERROR - Error extracting listings from page: Couldn't find a tree builder with the features you requested: lxml. Do you need to install a parser library?
2026-06-26 20:29:42,115 - scraper.kleinanzeigen - INFO - Found 0 listings on page 1
2026-06-26 20:29:42,115 - scraper.kleinanzeigen - INFO - Completed scrape for Nordrhein-Westfalen: 0 total, 0 older than 3 months, 1 pages in 3.9s
2026-06-27 22:03:15,781 - __main__ - INFO - Starting scrape for: Nordrhein-Westfalen
2026-06-27 22:03:15,781 - scraper.kleinanzeigen - INFO - Starting scrape for Nordrhein-Westfalen...
2026-06-27 22:03:15,782 - scraper.kleinanzeigen - INFO - Scraping 8 real estate categories...
2026-06-27 22:03:15,782 - scraper.kleinanzeigen - INFO - Scraping page 1 of category c198: https://www.kleinanzeigen.de/s-immobilien/nordrhein-westfalen/c198
2026-06-27 22:03:18,727 - scraper.kleinanzeigen - ERROR - Error extracting listings from page: Couldn't find a tree builder with the features you requested: lxml. Do you need to install a parser library?
2026-06-27 22:03:18,727 - scraper.kleinanzeigen - INFO - Found 0 listings on page 1 of c198
2026-06-27 22:03:18,727 - scraper.kleinanzeigen - ERROR - Error checking for next page: Couldn't find a tree builder with the features you requested: lxml. Do you need to install a parser library?
2026-06-27 22:03:18,727 - scraper.kleinanzeigen - INFO - Scraping page 1 of category c199: https://www.kleinanzeigen.de/s-immobilien/nordrhein-westfalen/c199
2026-06-27 22:03:22,409 - scraper.kleinanzeigen - ERROR - Error extracting listings from page: Couldn't find a tree builder with the features you requested: lxml. Do you need to install a parser library?
2026-06-27 22:03:22,409 - scraper.kleinanzeigen - INFO - Found 0 listings on page 1 of c199
2026-06-27 22:03:22,409 - scraper.kleinanzeigen - ERROR - Error checking for next page: Couldn't find a tree builder with the features you requested: lxml. Do you need to install a parser library?
2026-06-27 22:03:22,409 - scraper.kleinanzeigen - INFO - Scraping page 1 of category c200: https://www.kleinanzeigen.de/s-immobilien/nordrhein-westfalen/c200
2026-06-27 22:03:24,949 - scraper.kleinanzeigen - ERROR - Error extracting listings from page: Couldn't find a tree builder with the features you requested: lxml. Do you need to install a parser library?
2026-06-27 22:03:24,949 - scraper.kleinanzeigen - INFO - Found 0 listings on page 1 of c200
2026-06-27 22:03:24,949 - scraper.kleinanzeigen - ERROR - Error checking for next page: Couldn't find a tree builder with the features you requested: lxml. Do you need to install a parser library?
2026-06-27 22:03:24,949 - scraper.kleinanzeigen - INFO - Scraping page 1 of category c201: https://www.kleinanzeigen.de/s-immobilien/nordrhein-westfalen/c201
2026-06-27 22:03:27,002 - scraper.kleinanzeigen - ERROR - Error extracting listings from page: Couldn't find a tree builder with the features you requested: lxml. Do you need to install a parser library?
2026-06-27 22:03:27,002 - scraper.kleinanzeigen - INFO - Found 0 listings on page 1 of c201
2026-06-27 22:03:27,002 - scraper.kleinanzeigen - ERROR - Error checking for next page: Couldn't find a tree builder with the features you requested: lxml. Do you need to install a parser library?
2026-06-27 22:03:27,002 - scraper.kleinanzeigen - INFO - Scraping page 1 of category c202: https://www.kleinanzeigen.de/s-immobilien/nordrhein-westfalen/c202
2026-06-27 22:03:29,884 - scraper.kleinanzeigen - ERROR - Error extracting listings from page: Couldn't find a tree builder with the features you requested: lxml. Do you need to install a parser library?
2026-06-27 22:03:29,884 - scraper.kleinanzeigen - INFO - Found 0 listings on page 1 of c202
2026-06-27 22:03:29,885 - scraper.kleinanzeigen - ERROR - Error checking for next page: Couldn't find a tree builder with the features you requested: lxml. Do you need to install a parser library?
2026-06-27 22:03:29,885 - scraper.kleinanzeigen - INFO - Scraping page 1 of category c203: https://www.kleinanzeigen.de/s-immobilien/nordrhein-westfalen/c203
2026-06-27 22:03:31,959 - scraper.kleinanzeigen - ERROR - Error extracting listings from page: Couldn't find a tree builder with the features you requested: lxml. Do you need to install a parser library?
2026-06-27 22:03:31,959 - scraper.kleinanzeigen - INFO - Found 0 listings on page 1 of c203
2026-06-27 22:03:31,959 - scraper.kleinanzeigen - ERROR - Error checking for next page: Couldn't find a tree builder with the features you requested: lxml. Do you need to install a parser library?
2026-06-27 22:03:31,959 - scraper.kleinanzeigen - INFO - Scraping page 1 of category c204: https://www.kleinanzeigen.de/s-immobilien/nordrhein-westfalen/c204
2026-06-27 22:03:34,111 - scraper.kleinanzeigen - ERROR - Error extracting listings from page: Couldn't find a tree builder with the features you requested: lxml. Do you need to install a parser library?
2026-06-27 22:03:34,111 - scraper.kleinanzeigen - INFO - Found 0 listings on page 1 of c204
2026-06-27 22:03:34,111 - scraper.kleinanzeigen - ERROR - Error checking for next page: Couldn't find a tree builder with the features you requested: lxml. Do you need to install a parser library?
2026-06-27 22:03:34,111 - scraper.kleinanzeigen - INFO - Scraping page 1 of category c205: https://www.kleinanzeigen.de/s-immobilien/nordrhein-westfalen/c205
2026-06-27 22:03:35,662 - scraper.kleinanzeigen - ERROR - Error extracting listings from page: Couldn't find a tree builder with the features you requested: lxml. Do you need to install a parser library?
2026-06-27 22:03:35,663 - scraper.kleinanzeigen - INFO - Found 0 listings on page 1 of c205
2026-06-27 22:03:35,663 - scraper.kleinanzeigen - ERROR - Error checking for next page: Couldn't find a tree builder with the features you requested: lxml. Do you need to install a parser library?
2026-06-27 22:03:35,663 - scraper.kleinanzeigen - INFO - Fetching dates for 0 listings...
2026-06-27 22:03:35,663 - scraper.kleinanzeigen - INFO - Completed scrape for Nordrhein-Westfalen: 0 total, 0 older than 3 months, 1 pages in 19.9s
2026-06-28 15:54:43,273 - __main__ - INFO - Starting scrape for: Bremen (locationId=1)
2026-06-28 15:54:43,274 - scraper.kleinanzeigen - INFO - Starting scrape for Bremen (region-filtered via locationId=1)
2026-06-28 15:54:43,274 - scraper.kleinanzeigen - INFO - Scraping 11 real estate subcategories...
2026-06-28 15:54:43,274 - scraper.kleinanzeigen - INFO - --- Category: mietwohnung ---
2026-06-28 15:54:43,274 - scraper.kleinanzeigen - INFO - Page 1: https://www.kleinanzeigen.de/s-immobilien/bremen/mietwohnung/k0c195l1
2026-06-28 15:54:46,219 - scraper.kleinanzeigen - INFO - Found 27 listings on page 1
2026-06-28 15:54:46,262 - scraper.kleinanzeigen - INFO - Page 2: https://www.kleinanzeigen.de/s-immobilien/bremen/mietwohnung/k0c195l1?o=2
2026-06-28 15:54:49,509 - scraper.kleinanzeigen - INFO - Found 27 listings on page 2
2026-06-28 15:54:49,547 - scraper.kleinanzeigen - INFO - Page 3: https://www.kleinanzeigen.de/s-immobilien/bremen/mietwohnung/k0c195l1?o=3
2026-06-28 15:54:51,879 - scraper.kleinanzeigen - INFO - Found 27 listings on page 3
2026-06-28 15:54:51,943 - scraper.kleinanzeigen - INFO - Page 4: https://www.kleinanzeigen.de/s-immobilien/bremen/mietwohnung/k0c195l1?o=4
2026-06-28 15:54:55,158 - scraper.kleinanzeigen - INFO - Found 27 listings on page 4
2026-06-28 15:54:55,196 - scraper.kleinanzeigen - INFO - Page 5: https://www.kleinanzeigen.de/s-immobilien/bremen/mietwohnung/k0c195l1?o=5
2026-06-28 15:54:58,531 - scraper.kleinanzeigen - INFO - Found 27 listings on page 5
2026-06-28 15:54:58,605 - scraper.kleinanzeigen - INFO - --- Category: wohnung ---
2026-06-28 15:54:58,605 - scraper.kleinanzeigen - INFO - Page 1: https://www.kleinanzeigen.de/s-immobilien/bremen/wohnung/k0c195l1
2026-06-28 15:55:02,458 - scraper.kleinanzeigen - INFO - Found 27 listings on page 1
2026-06-28 15:55:02,496 - scraper.kleinanzeigen - INFO - Page 2: https://www.kleinanzeigen.de/s-immobilien/bremen/wohnung/k0c195l1?o=2
2026-06-28 15:55:05,774 - scraper.kleinanzeigen - INFO - Found 27 listings on page 2
2026-06-28 15:55:05,812 - scraper.kleinanzeigen - INFO - Page 3: https://www.kleinanzeigen.de/s-immobilien/bremen/wohnung/k0c195l1?o=3
2026-06-28 15:55:09,945 - scraper.kleinanzeigen - INFO - Found 27 listings on page 3
2026-06-28 15:55:09,982 - scraper.kleinanzeigen - INFO - Page 4: https://www.kleinanzeigen.de/s-immobilien/bremen/wohnung/k0c195l1?o=4
2026-06-28 15:55:12,328 - scraper.kleinanzeigen - INFO - Found 27 listings on page 4
2026-06-28 15:55:12,367 - scraper.kleinanzeigen - INFO - Page 5: https://www.kleinanzeigen.de/s-immobilien/bremen/wohnung/k0c195l1?o=5
2026-06-28 15:55:16,234 - scraper.kleinanzeigen - INFO - Found 27 listings on page 5
2026-06-28 15:55:16,278 - scraper.kleinanzeigen - INFO - --- Category: haus ---
2026-06-28 15:55:16,279 - scraper.kleinanzeigen - INFO - Page 1: https://www.kleinanzeigen.de/s-immobilien/bremen/haus/k0c195l1
2026-06-28 15:55:20,850 - scraper.kleinanzeigen - INFO - Found 27 listings on page 1
2026-06-28 15:55:20,890 - scraper.kleinanzeigen - INFO - Page 2: https://www.kleinanzeigen.de/s-immobilien/bremen/haus/k0c195l1?o=2
2026-06-28 15:55:24,871 - scraper.kleinanzeigen - INFO - Found 27 listings on page 2
2026-06-28 15:55:24,914 - scraper.kleinanzeigen - INFO - Page 3: https://www.kleinanzeigen.de/s-immobilien/bremen/haus/k0c195l1?o=3
2026-06-28 15:55:28,607 - scraper.kleinanzeigen - INFO - Found 27 listings on page 3
2026-06-28 15:55:28,647 - scraper.kleinanzeigen - INFO - Page 4: https://www.kleinanzeigen.de/s-immobilien/bremen/haus/k0c195l1?o=4
2026-06-28 15:55:32,621 - scraper.kleinanzeigen - INFO - Found 27 listings on page 4
2026-06-28 15:55:32,670 - scraper.kleinanzeigen - INFO - Page 5: https://www.kleinanzeigen.de/s-immobilien/bremen/haus/k0c195l1?o=5
2026-06-28 15:55:35,825 - scraper.kleinanzeigen - INFO - Found 27 listings on page 5
2026-06-28 15:55:35,871 - scraper.kleinanzeigen - INFO - --- Category: haus-mieten ---
2026-06-28 15:55:35,871 - scraper.kleinanzeigen - INFO - Page 1: https://www.kleinanzeigen.de/s-immobilien/bremen/haus-mieten/k0c195l1
2026-06-28 15:55:40,164 - scraper.kleinanzeigen - INFO - Found 27 listings on page 1
2026-06-28 15:55:40,210 - scraper.kleinanzeigen - INFO - Page 2: https://www.kleinanzeigen.de/s-immobilien/bremen/haus-mieten/k0c195l1?o=2
2026-06-28 15:55:43,654 - scraper.kleinanzeigen - INFO - Found 27 listings on page 2
2026-06-28 15:55:43,713 - scraper.kleinanzeigen - INFO - Page 3: https://www.kleinanzeigen.de/s-immobilien/bremen/haus-mieten/k0c195l1?o=3
2026-06-28 15:55:46,977 - scraper.kleinanzeigen - INFO - Found 27 listings on page 3
2026-06-28 15:55:47,018 - scraper.kleinanzeigen - INFO - Page 4: https://www.kleinanzeigen.de/s-immobilien/bremen/haus-mieten/k0c195l1?o=4
2026-06-28 15:55:50,001 - scraper.kleinanzeigen - INFO - Found 27 listings on page 4
2026-06-28 15:55:50,039 - scraper.kleinanzeigen - INFO - Page 5: https://www.kleinanzeigen.de/s-immobilien/bremen/haus-mieten/k0c195l1?o=5
2026-06-28 15:55:53,352 - scraper.kleinanzeigen - INFO - Found 27 listings on page 5
2026-06-28 15:55:53,398 - scraper.kleinanzeigen - INFO - --- Category: eigentumswohnung ---
2026-06-28 15:55:53,398 - scraper.kleinanzeigen - INFO - Page 1: https://www.kleinanzeigen.de/s-immobilien/bremen/eigentumswohnung/k0c195l1
2026-06-28 15:55:55,894 - scraper.kleinanzeigen - INFO - Found 27 listings on page 1
2026-06-28 15:55:55,946 - scraper.kleinanzeigen - INFO - Page 2: https://www.kleinanzeigen.de/s-immobilien/bremen/eigentumswohnung/k0c195l1?o=2
2026-06-28 15:56:00,003 - scraper.kleinanzeigen - INFO - Found 27 listings on page 2
2026-06-28 15:56:00,042 - scraper.kleinanzeigen - INFO - Page 3: https://www.kleinanzeigen.de/s-immobilien/bremen/eigentumswohnung/k0c195l1?o=3
2026-06-28 15:56:03,293 - scraper.kleinanzeigen - INFO - Found 27 listings on page 3
2026-06-28 15:56:03,335 - scraper.kleinanzeigen - INFO - Page 4: https://www.kleinanzeigen.de/s-immobilien/bremen/eigentumswohnung/k0c195l1?o=4
2026-06-28 15:56:05,721 - scraper.kleinanzeigen - INFO - Found 27 listings on page 4
2026-06-28 15:56:05,762 - scraper.kleinanzeigen - INFO - Page 5: https://www.kleinanzeigen.de/s-immobilien/bremen/eigentumswohnung/k0c195l1?o=5
2026-06-28 15:56:08,548 - scraper.kleinanzeigen - INFO - Found 27 listings on page 5
2026-06-28 15:56:08,610 - scraper.kleinanzeigen - INFO - --- Category: grundstuecke ---
2026-06-28 15:56:08,610 - scraper.kleinanzeigen - INFO - Page 1: https://www.kleinanzeigen.de/s-immobilien/bremen/grundstuecke/k0c195l1
2026-06-28 15:56:12,297 - scraper.kleinanzeigen - INFO - Found 27 listings on page 1
2026-06-28 15:56:12,340 - scraper.kleinanzeigen - INFO - Page 2: https://www.kleinanzeigen.de/s-immobilien/bremen/grundstuecke/k0c195l1?o=2
2026-06-28 15:56:15,845 - scraper.kleinanzeigen - INFO - Found 27 listings on page 2
2026-06-28 15:56:15,901 - scraper.kleinanzeigen - INFO - Page 3: https://www.kleinanzeigen.de/s-immobilien/bremen/grundstuecke/k0c195l1?o=3
2026-06-28 15:56:19,169 - scraper.kleinanzeigen - INFO - Found 27 listings on page 3
2026-06-28 15:56:19,206 - scraper.kleinanzeigen - INFO - Page 4: https://www.kleinanzeigen.de/s-immobilien/bremen/grundstuecke/k0c195l1?o=4
2026-06-28 15:56:22,079 - scraper.kleinanzeigen - INFO - Found 27 listings on page 4
2026-06-28 15:56:22,118 - scraper.kleinanzeigen - INFO - Page 5: https://www.kleinanzeigen.de/s-immobilien/bremen/grundstuecke/k0c195l1?o=5
2026-06-28 15:56:26,055 - scraper.kleinanzeigen - INFO - Found 27 listings on page 5
2026-06-28 15:56:26,103 - scraper.kleinanzeigen - INFO - --- Category: gewerbeimmobilien ---
2026-06-28 15:56:26,103 - scraper.kleinanzeigen - INFO - Page 1: https://www.kleinanzeigen.de/s-immobilien/bremen/gewerbeimmobilien/k0c195l1
2026-06-28 15:56:29,161 - scraper.kleinanzeigen - INFO - Found 27 listings on page 1
2026-06-28 15:56:29,201 - scraper.kleinanzeigen - INFO - Page 2: https://www.kleinanzeigen.de/s-immobilien/bremen/gewerbeimmobilien/k0c195l1?o=2
2026-06-28 15:56:32,911 - scraper.kleinanzeigen - INFO - Found 27 listings on page 2
2026-06-28 15:56:32,963 - scraper.kleinanzeigen - INFO - Page 3: https://www.kleinanzeigen.de/s-immobilien/bremen/gewerbeimmobilien/k0c195l1?o=3
2026-06-28 15:56:35,328 - scraper.kleinanzeigen - INFO - Found 27 listings on page 3
2026-06-28 15:56:35,365 - scraper.kleinanzeigen - INFO - Page 4: https://www.kleinanzeigen.de/s-immobilien/bremen/gewerbeimmobilien/k0c195l1?o=4
2026-06-28 15:56:38,991 - scraper.kleinanzeigen - INFO - Found 27 listings on page 4
2026-06-28 15:56:39,029 - scraper.kleinanzeigen - INFO - Page 5: https://www.kleinanzeigen.de/s-immobilien/bremen/gewerbeimmobilien/k0c195l1?o=5
2026-06-28 15:56:44,312 - scraper.kleinanzeigen - INFO - Found 27 listings on page 5
2026-06-28 15:56:44,355 - scraper.kleinanzeigen - INFO - --- Category: garage ---
2026-06-28 15:56:44,355 - scraper.kleinanzeigen - INFO - Page 1: https://www.kleinanzeigen.de/s-immobilien/bremen/garage/k0c195l1
2026-06-28 15:56:48,517 - scraper.kleinanzeigen - INFO - Found 27 listings on page 1
2026-06-28 15:56:48,559 - scraper.kleinanzeigen - INFO - Page 2: https://www.kleinanzeigen.de/s-immobilien/bremen/garage/k0c195l1?o=2
2026-06-28 15:56:52,737 - scraper.kleinanzeigen - INFO - Found 27 listings on page 2
2026-06-28 15:56:52,781 - scraper.kleinanzeigen - INFO - Page 3: https://www.kleinanzeigen.de/s-immobilien/bremen/garage/k0c195l1?o=3
2026-06-28 15:56:56,507 - scraper.kleinanzeigen - INFO - Found 27 listings on page 3
2026-06-28 15:56:56,563 - scraper.kleinanzeigen - INFO - Page 4: https://www.kleinanzeigen.de/s-immobilien/bremen/garage/k0c195l1?o=4
2026-06-28 15:57:00,761 - scraper.kleinanzeigen - INFO - Found 27 listings on page 4
2026-06-28 15:57:00,809 - scraper.kleinanzeigen - INFO - Page 5: https://www.kleinanzeigen.de/s-immobilien/bremen/garage/k0c195l1?o=5
2026-06-28 15:57:04,549 - scraper.kleinanzeigen - INFO - Found 27 listings on page 5
2026-06-28 15:57:04,599 - scraper.kleinanzeigen - INFO - --- Category: ferienwohnung ---
2026-06-28 15:57:04,599 - scraper.kleinanzeigen - INFO - Page 1: https://www.kleinanzeigen.de/s-immobilien/bremen/ferienwohnung/k0c195l1
2026-06-28 15:57:08,930 - scraper.kleinanzeigen - INFO - Found 26 listings on page 1
2026-06-28 15:57:08,968 - scraper.kleinanzeigen - INFO - Page 2: https://www.kleinanzeigen.de/s-immobilien/bremen/ferienwohnung/k0c195l1?o=2
2026-06-28 15:57:12,218 - scraper.kleinanzeigen - INFO - Found 26 listings on page 2
2026-06-28 15:57:12,265 - scraper.kleinanzeigen - INFO - --- Category: zimmer ---
2026-06-28 15:57:12,265 - scraper.kleinanzeigen - INFO - Page 1: https://www.kleinanzeigen.de/s-immobilien/bremen/zimmer/k0c195l1
2026-06-28 15:57:15,083 - scraper.kleinanzeigen - INFO - Found 27 listings on page 1
2026-06-28 15:57:15,123 - scraper.kleinanzeigen - INFO - Page 2: https://www.kleinanzeigen.de/s-immobilien/bremen/zimmer/k0c195l1?o=2
2026-06-28 15:57:17,558 - scraper.kleinanzeigen - INFO - Found 27 listings on page 2
2026-06-28 15:57:17,610 - scraper.kleinanzeigen - INFO - Page 3: https://www.kleinanzeigen.de/s-immobilien/bremen/zimmer/k0c195l1?o=3
2026-06-28 15:57:21,642 - scraper.kleinanzeigen - INFO - Found 27 listings on page 3
2026-06-28 15:57:21,681 - scraper.kleinanzeigen - INFO - Page 4: https://www.kleinanzeigen.de/s-immobilien/bremen/zimmer/k0c195l1?o=4
2026-06-28 15:57:25,852 - scraper.kleinanzeigen - INFO - Found 27 listings on page 4
2026-06-28 15:57:25,900 - scraper.kleinanzeigen - INFO - Page 5: https://www.kleinanzeigen.de/s-immobilien/bremen/zimmer/k0c195l1?o=5
2026-06-28 15:57:30,105 - scraper.kleinanzeigen - INFO - Found 27 listings on page 5
2026-06-28 15:57:30,154 - scraper.kleinanzeigen - INFO - --- Category: wg-zimmer ---
2026-06-28 15:57:30,154 - scraper.kleinanzeigen - INFO - Page 1: https://www.kleinanzeigen.de/s-immobilien/bremen/wg-zimmer/k0c195l1
2026-06-28 15:57:33,841 - scraper.kleinanzeigen - INFO - Found 26 listings on page 1
2026-06-28 15:57:33,878 - scraper.kleinanzeigen - INFO - Page 2: https://www.kleinanzeigen.de/s-immobilien/bremen/wg-zimmer/k0c195l1?o=2
2026-06-28 15:57:37,622 - scraper.kleinanzeigen - INFO - Found 26 listings on page 2
2026-06-28 15:57:37,657 - scraper.kleinanzeigen - INFO - Page 3: https://www.kleinanzeigen.de/s-immobilien/bremen/wg-zimmer/k0c195l1?o=3
2026-06-28 15:57:40,357 - scraper.kleinanzeigen - INFO - Found 26 listings on page 3
2026-06-28 15:57:40,392 - scraper.kleinanzeigen - INFO - Page 4: https://www.kleinanzeigen.de/s-immobilien/bremen/wg-zimmer/k0c195l1?o=4
2026-06-28 15:57:43,303 - scraper.kleinanzeigen - INFO - Found 26 listings on page 4
2026-06-28 15:57:43,338 - scraper.kleinanzeigen - INFO - Page 5: https://www.kleinanzeigen.de/s-immobilien/bremen/wg-zimmer/k0c195l1?o=5
2026-06-28 15:57:46,413 - scraper.kleinanzeigen - INFO - Found 26 listings on page 5
2026-06-28 15:57:46,452 - scraper.kleinanzeigen - INFO - Fetching activation dates for 1397 listings...
2026-06-28 15:57:57,223 - scraper.kleinanzeigen - INFO - Date fetch progress: 10/1397 (skipped=0, errors=0)
2026-06-28 15:58:05,891 - scraper.kleinanzeigen - INFO - Date fetch progress: 20/1397 (skipped=0, errors=0)
2026-06-28 15:58:14,743 - scraper.kleinanzeigen - INFO - Date fetch progress: 30/1397 (skipped=0, errors=0)
2026-06-28 15:58:27,549 - scraper.kleinanzeigen - INFO - Date fetch progress: 40/1397 (skipped=0, errors=0)
2026-06-28 15:58:41,345 - scraper.kleinanzeigen - INFO - Date fetch progress: 50/1397 (skipped=0, errors=0)
2026-06-28 15:58:50,342 - scraper.kleinanzeigen - INFO - Date fetch progress: 60/1397 (skipped=0, errors=0)
2026-06-28 15:59:00,021 - scraper.kleinanzeigen - INFO - Date fetch progress: 70/1397 (skipped=0, errors=0)
2026-06-28 15:59:09,305 - scraper.kleinanzeigen - INFO - Date fetch progress: 80/1397 (skipped=0, errors=0)
2026-06-28 15:59:19,521 - scraper.kleinanzeigen - INFO - Date fetch progress: 90/1397 (skipped=0, errors=0)
2026-06-28 15:59:27,804 - scraper.kleinanzeigen - INFO - Date fetch progress: 100/1397 (skipped=0, errors=0)
2026-06-28 15:59:37,065 - scraper.kleinanzeigen - INFO - Date fetch progress: 110/1397 (skipped=0, errors=0)
